# JRE version: OpenJDK Runtime Environment (8.0_242-b01) (build 1.8.0_242-release-1644-b01)
# Java VM: OpenJDK 64-Bit Server VM (25.242-b01 mixed mode windows-amd64 compressed oops)
Heap:
 PSYoungGen      total 396800K, used 321078K [0x00000000d5580000, 0x00000000f6f80000, 0x0000000100000000)
  eden space 306688K, 75% used [0x00000000d5580000,0x00000000e37125a0,0x00000000e8100000)
  from space 90112K, 99% used [0x00000000ee900000,0x00000000f40fb630,0x00000000f4100000)
  to   space 106496K, 0% used [0x00000000e8100000,0x00000000e8100000,0x00000000ee900000)
 ParOldGen       total 338432K, used 110089K [0x0000000080000000, 0x0000000094a80000, 0x00000000d5580000)
  object space 338432K, 32% used [0x0000000080000000,0x0000000086b82580,0x0000000094a80000)
 Metaspace       used 121665K, capacity 131388K, committed 131608K, reserved 1163264K
  class space    used 15538K, capacity 17196K, committed 17200K, reserved 1048576K
GC Heap History (10 events):
Event: 10628.158 GC heap before
{Heap before GC invocations=46 (full 4):
 PSYoungGen      total 352256K, used 327632K [0x00000000d5580000, 0x00000000efa00000, 0x0000000100000000)
  eden space 287744K, 100% used [0x00000000d5580000,0x00000000e6e80000,0x00000000e6e80000)
  from space 64512K, 61% used [0x00000000e6e80000,0x00000000e95742e8,0x00000000ead80000)
  to   space 65024K, 0% used [0x00000000eba80000,0x00000000eba80000,0x00000000efa00000)
 ParOldGen       total 338432K, used 101119K [0x0000000080000000, 0x0000000094a80000, 0x00000000d5580000)
  object space 338432K, 29% used [0x0000000080000000,0x00000000862bfd78,0x0000000094a80000)
 Metaspace       used 109117K, capacity 118160K, committed 118296K, reserved 1153024K
  class space    used 13891K, capacity 15323K, committed 15408K, reserved 1048576K
Event: 10628.361 GC heap after
Heap after GC invocations=46 (full 4):
 PSYoungGen      total 363008K, used 45303K [0x00000000d5580000, 0x00000000efb80000, 0x0000000100000000)
  eden space 297984K, 0% used [0x00000000d5580000,0x00000000d5580000,0x00000000e7880000)
  from space 65024K, 69% used [0x00000000eba80000,0x00000000ee6bdc40,0x00000000efa00000)
  to   space 67072K, 0% used [0x00000000e7880000,0x00000000e7880000,0x00000000eba00000)
 ParOldGen       total 338432K, used 101303K [0x0000000080000000, 0x0000000094a80000, 0x00000000d5580000)
  object space 338432K, 29% used [0x0000000080000000,0x00000000862edd88,0x0000000094a80000)
 Metaspace       used 109117K, capacity 118160K, committed 118296K, reserved 1153024K
  class space    used 13891K, capacity 15323K, committed 15408K, reserved 1048576K
}
Event: 10679.638 GC heap before
{Heap before GC invocations=47 (full 4):
 PSYoungGen      total 363008K, used 343287K [0x00000000d5580000, 0x00000000efb80000, 0x0000000100000000)
  eden space 297984K, 100% used [0x00000000d5580000,0x00000000e7880000,0x00000000e7880000)
  from space 65024K, 69% used [0x00000000eba80000,0x00000000ee6bdc40,0x00000000efa00000)
  to   space 67072K, 0% used [0x00000000e7880000,0x00000000e7880000,0x00000000eba00000)
 ParOldGen       total 338432K, used 101303K [0x0000000080000000, 0x0000000094a80000, 0x00000000d5580000)
  object space 338432K, 29% used [0x0000000080000000,0x00000000862edd88,0x0000000094a80000)
 Metaspace       used 120283K, capacity 129888K, committed 129944K, reserved 1163264K
  class space    used 15411K, capacity 17062K, committed 17072K, reserved 1048576K
Event: 10679.746 GC heap after
Heap after GC invocations=47 (full 4):
 PSYoungGen      total 365056K, used 61613K [0x00000000d5580000, 0x00000000f1280000, 0x0000000100000000)
  eden space 297984K, 0% used [0x00000000d5580000,0x00000000d5580000,0x00000000e7880000)
  from space 67072K, 91% used [0x00000000e7880000,0x00000000eb4ab680,0x00000000eba00000)
  to   space 74240K, 0% used [0x00000000eca00000,0x00000000eca00000,0x00000000f1280000)
 ParOldGen       total 338432K, used 101367K [0x0000000080000000, 0x0000000094a80000, 0x00000000d5580000)
  object space 338432K, 29% used [0x0000000080000000,0x00000000862fdd88,0x0000000094a80000)
 Metaspace       used 120283K, capacity 129888K, committed 129944K, reserved 1163264K
  class space    used 15411K, capacity 17062K, committed 17072K, reserved 1048576K
}
Event: 10681.883 GC heap before
{Heap before GC invocations=48 (full 4):
 PSYoungGen      total 365056K, used 359597K [0x00000000d5580000, 0x00000000f1280000, 0x0000000100000000)
  eden space 297984K, 100% used [0x00000000d5580000,0x00000000e7880000,0x00000000e7880000)
  from space 67072K, 91% used [0x00000000e7880000,0x00000000eb4ab680,0x00000000eba00000)
  to   space 74240K, 0% used [0x00000000eca00000,0x00000000eca00000,0x00000000f1280000)
 ParOldGen       total 338432K, used 101367K [0x0000000080000000, 0x0000000094a80000, 0x00000000d5580000)
  object space 338432K, 29% used [0x0000000080000000,0x00000000862fdd88,0x0000000094a80000)
 Metaspace       used 120704K, capacity 130422K, committed 130584K, reserved 1163264K
  class space    used 15453K, capacity 17125K, committed 17200K, reserved 1048576K
Event: 10681.960 GC heap after
Heap after GC invocations=48 (full 4):
 PSYoungGen      total 375808K, used 60560K [0x00000000d5580000, 0x00000000f2800000, 0x0000000100000000)
  eden space 301568K, 0% used [0x00000000d5580000,0x00000000d5580000,0x00000000e7c00000)
  from space 74240K, 81% used [0x00000000eca00000,0x00000000f05241b0,0x00000000f1280000)
  to   space 79872K, 0% used [0x00000000e7c00000,0x00000000e7c00000,0x00000000eca00000)
 ParOldGen       total 338432K, used 101415K [0x0000000080000000, 0x0000000094a80000, 0x00000000d5580000)
  object space 338432K, 29% used [0x0000000080000000,0x0000000086309d88,0x0000000094a80000)
 Metaspace       used 120704K, capacity 130422K, committed 130584K, reserved 1163264K
  class space    used 15453K, capacity 17125K, committed 17200K, reserved 1048576K
}
Event: 10685.500 GC heap before
{Heap before GC invocations=49 (full 4):
 PSYoungGen      total 375808K, used 362128K [0x00000000d5580000, 0x00000000f2800000, 0x0000000100000000)
  eden space 301568K, 100% used [0x00000000d5580000,0x00000000e7c00000,0x00000000e7c00000)
  from space 74240K, 81% used [0x00000000eca00000,0x00000000f05241b0,0x00000000f1280000)
  to   space 79872K, 0% used [0x00000000e7c00000,0x00000000e7c00000,0x00000000eca00000)
 ParOldGen       total 338432K, used 101415K [0x0000000080000000, 0x0000000094a80000, 0x00000000d5580000)
  object space 338432K, 29% used [0x0000000080000000,0x0000000086309d88,0x0000000094a80000)
 Metaspace       used 121116K, capacity 130828K, committed 131096K, reserved 1163264K
  class space    used 15483K, capacity 17140K, committed 17200K, reserved 1048576K
Event: 10685.564 GC heap after
Heap after GC invocations=49 (full 4):
 PSYoungGen      total 381440K, used 77603K [0x00000000d5580000, 0x00000000f4100000, 0x0000000100000000)
  eden space 301568K, 0% used [0x00000000d5580000,0x00000000d5580000,0x00000000e7c00000)
  from space 79872K, 97% used [0x00000000e7c00000,0x00000000ec7c8f90,0x00000000eca00000)
  to   space 90112K, 0% used [0x00000000ee900000,0x00000000ee900000,0x00000000f4100000)
 ParOldGen       total 338432K, used 101479K [0x0000000080000000, 0x0000000094a80000, 0x00000000d5580000)
  object space 338432K, 29% used [0x0000000080000000,0x0000000086319d88,0x0000000094a80000)
 Metaspace       used 121116K, capacity 130828K, committed 131096K, reserved 1163264K
  class space    used 15483K, capacity 17140K, committed 17200K, reserved 1048576K
}
Event: 10686.601 GC heap before
{Heap before GC invocations=50 (full 4):
 PSYoungGen      total 381440K, used 379171K [0x00000000d5580000, 0x00000000f4100000, 0x0000000100000000)
  eden space 301568K, 100% used [0x00000000d5580000,0x00000000e7c00000,0x00000000e7c00000)
  from space 79872K, 97% used [0x00000000e7c00000,0x00000000ec7c8f90,0x00000000eca00000)
  to   space 90112K, 0% used [0x00000000ee900000,0x00000000ee900000,0x00000000f4100000)
 ParOldGen       total 338432K, used 101479K [0x0000000080000000, 0x0000000094a80000, 0x00000000d5580000)
  object space 338432K, 29% used [0x0000000080000000,0x0000000086319d88,0x0000000094a80000)
 Metaspace       used 121545K, capacity 131308K, committed 131352K, reserved 1163264K
  class space    used 15529K, capacity 17196K, committed 17200K, reserved 1048576K
Event: 10686.709 GC heap after
Heap after GC invocations=50 (full 4):
 PSYoungGen      total 396800K, used 90093K [0x00000000d5580000, 0x00000000f6f80000, 0x0000000100000000)
  eden space 306688K, 0% used [0x00000000d5580000,0x00000000d5580000,0x00000000e8100000)
  from space 90112K, 99% used [0x00000000ee900000,0x00000000f40fb630,0x00000000f4100000)
  to   space 106496K, 0% used [0x00000000e8100000,0x00000000e8100000,0x00000000ee900000)
 ParOldGen       total 338432K, used 110089K [0x0000000080000000, 0x0000000094a80000, 0x00000000d5580000)
  object space 338432K, 32% used [0x0000000080000000,0x0000000086b82580,0x0000000094a80000)
 Metaspace       used 121545K, capacity 131308K, committed 131352K, reserved 1163264K
  class space    used 15529K, capacity 17196K, committed 17200K, reserved 1048576K
}

